<?xml version="1.0" encoding="UTF-8"?>
<coverage generated="1590689327">
  <project timestamp="1590689327">
    <package name="Aplorm\Lexer\Analyser">
      <file name="/var/www/html/Lexer/src/Analyser/ClassPartAnalyser.php">
        <class name="Aplorm\Lexer\Analyser\ClassPartAnalyser" namespace="Aplorm\Lexer\Analyser">
          <metrics complexity="58" methods="13" coveredmethods="13" conditionals="0" coveredconditionals="0" statements="204" coveredstatements="204" elements="217" coveredelements="217"/>
        </class>
        <line num="96" type="method" name="init" visibility="public" complexity="1" crap="1" count="39"/>
        <line num="98" type="stmt" count="39"/>
        <line num="99" type="stmt" count="39"/>
        <line num="100" type="stmt" count="39"/>
        <line num="101" type="stmt" count="39"/>
        <line num="110" type="method" name="analyse" visibility="public" complexity="1" crap="1" count="39"/>
        <line num="112" type="stmt" count="39"/>
        <line num="114" type="stmt" count="39"/>
        <line num="120" type="method" name="clean" visibility="public" complexity="1" crap="1" count="39"/>
        <line num="122" type="stmt" count="39"/>
        <line num="123" type="stmt" count="39"/>
        <line num="124" type="stmt" count="39"/>
        <line num="125" type="stmt" count="39"/>
        <line num="126" type="stmt" count="39"/>
        <line num="127" type="stmt" count="39"/>
        <line num="128" type="stmt" count="39"/>
        <line num="129" type="stmt" count="39"/>
        <line num="130" type="stmt" count="39"/>
        <line num="131" type="stmt" count="39"/>
        <line num="132" type="stmt" count="39"/>
        <line num="139" type="method" name="handleElement" visibility="protected" complexity="8" crap="8" count="39"/>
        <line num="141" type="stmt" count="39"/>
        <line num="142" type="stmt" count="39"/>
        <line num="143" type="stmt" count="39"/>
        <line num="144" type="stmt" count="39"/>
        <line num="145" type="stmt" count="39"/>
        <line num="146" type="stmt" count="39"/>
        <line num="147" type="stmt" count="39"/>
        <line num="148" type="stmt" count="39"/>
        <line num="150" type="stmt" count="25"/>
        <line num="151" type="stmt" count="17"/>
        <line num="154" type="stmt" count="25"/>
        <line num="155" type="stmt" count="3"/>
        <line num="157" type="stmt" count="25"/>
        <line num="158" type="stmt" count="1"/>
        <line num="161" type="stmt" count="25"/>
        <line num="162" type="stmt" count="25"/>
        <line num="163" type="stmt" count="25"/>
        <line num="166" type="stmt" count="39"/>
        <line num="167" type="stmt" count="10"/>
        <line num="169" type="stmt" count="33"/>
        <line num="170" type="stmt" count="21"/>
        <line num="173" type="stmt" count="16"/>
        <line num="181" type="method" name="handleElementData" visibility="protected" complexity="3" crap="3" count="34"/>
        <line num="183" type="stmt" count="34"/>
        <line num="185" type="stmt" count="34"/>
        <line num="189" type="stmt" count="34"/>
        <line num="190" type="stmt" count="8"/>
        <line num="191" type="stmt" count="8"/>
        <line num="194" type="stmt" count="34"/>
        <line num="196" type="stmt" count="34"/>
        <line num="197" type="stmt" count="34"/>
        <line num="198" type="stmt" count="34"/>
        <line num="199" type="stmt" count="34"/>
        <line num="201" type="stmt" count="34"/>
        <line num="203" type="stmt" count="34"/>
        <line num="211" type="method" name="handleVariable" visibility="protected" complexity="3" crap="3" count="19"/>
        <line num="213" type="stmt" count="19"/>
        <line num="214" type="stmt" count="1"/>
        <line num="217" type="stmt" count="19"/>
        <line num="218" type="stmt" count="19"/>
        <line num="221" type="stmt" count="19"/>
        <line num="222" type="stmt" count="19"/>
        <line num="223" type="stmt" count="19"/>
        <line num="224" type="stmt" count="19"/>
        <line num="225" type="stmt" count="19"/>
        <line num="226" type="stmt" count="19"/>
        <line num="230" type="stmt" count="19"/>
        <line num="231" type="stmt" count="19"/>
        <line num="232" type="stmt" count="19"/>
        <line num="233" type="stmt" count="19"/>
        <line num="234" type="stmt" count="19"/>
        <line num="235" type="stmt" count="19"/>
        <line num="236" type="stmt" count="9"/>
        <line num="239" type="stmt" count="19"/>
        <line num="247" type="method" name="handleFunction" visibility="protected" complexity="4" crap="4" count="21"/>
        <line num="249" type="stmt" count="21"/>
        <line num="250" type="stmt" count="21"/>
        <line num="251" type="stmt" count="21"/>
        <line num="252" type="stmt" count="21"/>
        <line num="255" type="stmt" count="21"/>
        <line num="256" type="stmt" count="21"/>
        <line num="257" type="stmt" count="21"/>
        <line num="258" type="stmt" count="21"/>
        <line num="259" type="stmt" count="21"/>
        <line num="263" type="stmt" count="21"/>
        <line num="264" type="stmt" count="21"/>
        <line num="265" type="stmt" count="21"/>
        <line num="266" type="stmt" count="21"/>
        <line num="268" type="stmt" count="21"/>
        <line num="270" type="stmt" count="21"/>
        <line num="271" type="stmt" count="21"/>
        <line num="273" type="stmt" count="21"/>
        <line num="274" type="stmt" count="6"/>
        <line num="275" type="stmt" count="6"/>
        <line num="276" type="stmt" count="6"/>
        <line num="279" type="stmt" count="21"/>
        <line num="280" type="stmt" count="19"/>
        <line num="281" type="stmt" count="2"/>
        <line num="282" type="stmt" count="1"/>
        <line num="283" type="stmt" count="1"/>
        <line num="285" type="stmt" count="21"/>
        <line num="287" type="stmt" count="21"/>
        <line num="297" type="method" name="handleVariableDefaultValue" visibility="protected" complexity="11" crap="11" count="19"/>
        <line num="299" type="stmt" count="19"/>
        <line num="300" type="stmt" count="19"/>
        <line num="301" type="stmt" count="19"/>
        <line num="302" type="stmt" count="19"/>
        <line num="303" type="stmt" count="10"/>
        <line num="306" type="stmt" count="9"/>
        <line num="307" type="stmt" count="9"/>
        <line num="308" type="stmt" count="9"/>
        <line num="309" type="stmt" count="9"/>
        <line num="310" type="stmt" count="9"/>
        <line num="312" type="stmt" count="9"/>
        <line num="314" type="stmt" count="9"/>
        <line num="315" type="stmt" count="9"/>
        <line num="316" type="stmt" count="9"/>
        <line num="317" type="stmt" count="9"/>
        <line num="319" type="stmt" count="1"/>
        <line num="322" type="stmt" count="9"/>
        <line num="323" type="stmt" count="1"/>
        <line num="324" type="stmt" count="1"/>
        <line num="326" type="stmt" count="1"/>
        <line num="327" type="stmt" count="1"/>
        <line num="328" type="stmt" count="1"/>
        <line num="329" type="stmt" count="1"/>
        <line num="330" type="stmt" count="1"/>
        <line num="334" type="stmt" count="1"/>
        <line num="335" type="stmt" count="1"/>
        <line num="336" type="stmt" count="1"/>
        <line num="339" type="stmt" count="1"/>
        <line num="341" type="stmt" count="8"/>
        <line num="342" type="stmt" count="5"/>
        <line num="343" type="stmt" count="5"/>
        <line num="344" type="stmt" count="4"/>
        <line num="345" type="stmt" count="4"/>
        <line num="347" type="stmt" count="4"/>
        <line num="350" type="stmt" count="5"/>
        <line num="353" type="stmt" count="6"/>
        <line num="361" type="method" name="handleParameters" visibility="protected" complexity="7" crap="7" count="21"/>
        <line num="363" type="stmt" count="21"/>
        <line num="366" type="stmt" count="21"/>
        <line num="367" type="stmt" count="21"/>
        <line num="368" type="stmt" count="21"/>
        <line num="369" type="stmt" count="21"/>
        <line num="370" type="stmt" count="21"/>
        <line num="371" type="stmt" count="9"/>
        <line num="372" type="stmt" count="9"/>
        <line num="373" type="stmt" count="6"/>
        <line num="374" type="stmt" count="6"/>
        <line num="375" type="stmt" count="6"/>
        <line num="376" type="stmt" count="6"/>
        <line num="380" type="stmt" count="9"/>
        <line num="381" type="stmt" count="9"/>
        <line num="382" type="stmt" count="9"/>
        <line num="383" type="stmt" count="9"/>
        <line num="385" type="stmt" count="9"/>
        <line num="386" type="stmt" count="9"/>
        <line num="387" type="stmt" count="9"/>
        <line num="388" type="stmt" count="7"/>
        <line num="390" type="stmt" count="4"/>
        <line num="391" type="stmt" count="4"/>
        <line num="394" type="stmt" count="21"/>
        <line num="402" type="method" name="handleStaticArray" visibility="protected" complexity="11" crap="11" count="4"/>
        <line num="404" type="stmt" count="4"/>
        <line num="405" type="stmt" count="4"/>
        <line num="406" type="stmt" count="4"/>
        <line num="407" type="stmt" count="4"/>
        <line num="408" type="stmt" count="1"/>
        <line num="410" type="stmt" count="4"/>
        <line num="411" type="stmt" count="4"/>
        <line num="412" type="stmt" count="4"/>
        <line num="413" type="stmt" count="4"/>
        <line num="415" type="stmt" count="4"/>
        <line num="416" type="stmt" count="4"/>
        <line num="417" type="stmt" count="4"/>
        <line num="418" type="stmt" count="4"/>
        <line num="421" type="stmt" count="4"/>
        <line num="422" type="stmt" count="4"/>
        <line num="423" type="stmt" count="4"/>
        <line num="425" type="stmt" count="4"/>
        <line num="428" type="stmt" count="4"/>
        <line num="431" type="stmt" count="4"/>
        <line num="432" type="stmt" count="4"/>
        <line num="435" type="stmt" count="4"/>
        <line num="436" type="stmt" count="4"/>
        <line num="437" type="stmt" count="4"/>
        <line num="438" type="stmt" count="4"/>
        <line num="441" type="stmt" count="4"/>
        <line num="444" type="stmt" count="4"/>
        <line num="450" type="method" name="handleReturnData" visibility="protected" complexity="1" crap="1" count="6"/>
        <line num="452" type="stmt" count="6"/>
        <line num="455" type="method" name="handleFunctionContent" visibility="protected" complexity="6" crap="6" count="19"/>
        <line num="457" type="stmt" count="19"/>
        <line num="459" type="stmt" count="19"/>
        <line num="460" type="stmt" count="19"/>
        <line num="461" type="stmt" count="19"/>
        <line num="462" type="stmt" count="19"/>
        <line num="463" type="stmt" count="1"/>
        <line num="465" type="stmt" count="1"/>
        <line num="468" type="stmt" count="19"/>
        <line num="469" type="stmt" count="19"/>
        <line num="470" type="stmt" count="19"/>
        <line num="471" type="stmt" count="19"/>
        <line num="474" type="stmt" count="1"/>
        <line num="477" type="stmt" count="19"/>
        <line num="479" type="method" name="reset" visibility="protected" complexity="1" crap="1" count="39"/>
        <line num="481" type="stmt" count="39"/>
        <line num="482" type="stmt" count="39"/>
        <line num="483" type="stmt" count="39"/>
        <line num="484" type="stmt" count="39"/>
        <line num="485" type="stmt" count="39"/>
        <line num="486" type="stmt" count="39"/>
        <line num="487" type="stmt" count="39"/>
        <line num="488" type="stmt" count="39"/>
        <line num="489" type="stmt" count="39"/>
        <metrics loc="490" ncloc="379" classes="1" methods="13" coveredmethods="13" conditionals="0" coveredconditionals="0" statements="204" coveredstatements="204" elements="217" coveredelements="217"/>
      </file>
      <file name="/var/www/html/Lexer/src/Analyser/DocBlockAnalyser.php">
        <class name="Aplorm\Lexer\Analyser\DocBlockAnalyser" namespace="Aplorm\Lexer\Analyser">
          <metrics complexity="70" methods="16" coveredmethods="0" conditionals="0" coveredconditionals="0" statements="246" coveredstatements="155" elements="262" coveredelements="155"/>
        </class>
        <line num="88" type="method" name="analyse" visibility="public" complexity="4" crap="4.59" count="13"/>
        <line num="89" type="stmt" count="0"/>
        <line num="90" type="stmt" count="13"/>
        <line num="91" type="stmt" count="13"/>
        <line num="92" type="stmt" count="13"/>
        <line num="93" type="stmt" count="13"/>
        <line num="94" type="stmt" count="13"/>
        <line num="95" type="stmt" count="13"/>
        <line num="96" type="stmt" count="13"/>
        <line num="97" type="stmt" count="13"/>
        <line num="98" type="stmt" count="0"/>
        <line num="99" type="stmt" count="0"/>
        <line num="101" type="stmt" count="13"/>
        <line num="102" type="stmt" count="0"/>
        <line num="104" type="stmt" count="13"/>
        <line num="105" type="stmt" count="0"/>
        <line num="114" type="method" name="handleAnnotations" visibility="private" complexity="7" crap="10.47" count="13"/>
        <line num="115" type="stmt" count="0"/>
        <line num="116" type="stmt" count="0"/>
        <line num="117" type="stmt" count="13"/>
        <line num="118" type="stmt" count="0"/>
        <line num="119" type="stmt" count="0"/>
        <line num="120" type="stmt" count="13"/>
        <line num="122" type="stmt" count="13"/>
        <line num="123" type="stmt" count="13"/>
        <line num="124" type="stmt" count="13"/>
        <line num="125" type="stmt" count="13"/>
        <line num="126" type="stmt" count="13"/>
        <line num="127" type="stmt" count="13"/>
        <line num="128" type="stmt" count="0"/>
        <line num="129" type="stmt" count="13"/>
        <line num="130" type="stmt" count="13"/>
        <line num="131" type="stmt" count="0"/>
        <line num="133" type="stmt" count="13"/>
        <line num="134" type="stmt" count="0"/>
        <line num="135" type="stmt" count="0"/>
        <line num="136" type="stmt" count="13"/>
        <line num="138" type="stmt" count="13"/>
        <line num="139" type="stmt" count="0"/>
        <line num="140" type="stmt" count="0"/>
        <line num="141" type="stmt" count="13"/>
        <line num="142" type="stmt" count="13"/>
        <line num="143" type="stmt" count="10"/>
        <line num="144" type="stmt" count="0"/>
        <line num="146" type="stmt" count="13"/>
        <line num="147" type="stmt" count="0"/>
        <line num="158" type="method" name="handleAnnotationParams" visibility="protected" complexity="10" crap="14.40" count="10"/>
        <line num="159" type="stmt" count="0"/>
        <line num="160" type="stmt" count="10"/>
        <line num="161" type="stmt" count="10"/>
        <line num="162" type="stmt" count="10"/>
        <line num="163" type="stmt" count="10"/>
        <line num="164" type="stmt" count="10"/>
        <line num="165" type="stmt" count="10"/>
        <line num="166" type="stmt" count="10"/>
        <line num="167" type="stmt" count="0"/>
        <line num="168" type="stmt" count="0"/>
        <line num="169" type="stmt" count="0"/>
        <line num="170" type="stmt" count="0"/>
        <line num="171" type="stmt" count="10"/>
        <line num="172" type="stmt" count="10"/>
        <line num="173" type="stmt" count="1"/>
        <line num="174" type="stmt" count="0"/>
        <line num="175" type="stmt" count="0"/>
        <line num="177" type="stmt" count="1"/>
        <line num="178" type="stmt" count="1"/>
        <line num="179" type="stmt" count="10"/>
        <line num="180" type="stmt" count="10"/>
        <line num="181" type="stmt" count="1"/>
        <line num="182" type="stmt" count="0"/>
        <line num="184" type="stmt" count="10"/>
        <line num="186" type="stmt" count="10"/>
        <line num="187" type="stmt" count="0"/>
        <line num="189" type="stmt" count="10"/>
        <line num="190" type="stmt" count="10"/>
        <line num="191" type="stmt" count="0"/>
        <line num="193" type="stmt" count="1"/>
        <line num="194" type="stmt" count="0"/>
        <line num="196" type="stmt" count="10"/>
        <line num="198" type="stmt" count="10"/>
        <line num="199" type="stmt" count="0"/>
        <line num="208" type="method" name="handleParam" visibility="protected" complexity="4" crap="5.18" count="10"/>
        <line num="209" type="stmt" count="0"/>
        <line num="210" type="stmt" count="10"/>
        <line num="211" type="stmt" count="10"/>
        <line num="212" type="stmt" count="10"/>
        <line num="213" type="stmt" count="0"/>
        <line num="214" type="stmt" count="5"/>
        <line num="215" type="stmt" count="5"/>
        <line num="216" type="stmt" count="0"/>
        <line num="217" type="stmt" count="8"/>
        <line num="218" type="stmt" count="8"/>
        <line num="219" type="stmt" count="8"/>
        <line num="220" type="stmt" count="0"/>
        <line num="221" type="stmt" count="0"/>
        <line num="222" type="stmt" count="3"/>
        <line num="223" type="stmt" count="3"/>
        <line num="224" type="stmt" count="0"/>
        <line num="225" type="stmt" count="8"/>
        <line num="226" type="stmt" count="0"/>
        <line num="227" type="stmt" count="1"/>
        <line num="228" type="stmt" count="1"/>
        <line num="229" type="stmt" count="0"/>
        <line num="230" type="stmt" count="0"/>
        <line num="231" type="stmt" count="8"/>
        <line num="232" type="stmt" count="0"/>
        <line num="233" type="stmt" count="8"/>
        <line num="234" type="stmt" count="8"/>
        <line num="235" type="stmt" count="0"/>
        <line num="236" type="stmt" count="0"/>
        <line num="237" type="stmt" count="10"/>
        <line num="239" type="stmt" count="10"/>
        <line num="240" type="stmt" count="0"/>
        <line num="251" type="method" name="handleConstant" visibility="protected" complexity="5" crap="5.93" count="8"/>
        <line num="252" type="stmt" count="0"/>
        <line num="253" type="stmt" count="8"/>
        <line num="254" type="stmt" count="8"/>
        <line num="255" type="stmt" count="8"/>
        <line num="256" type="stmt" count="8"/>
        <line num="257" type="stmt" count="8"/>
        <line num="258" type="stmt" count="8"/>
        <line num="259" type="stmt" count="8"/>
        <line num="260" type="stmt" count="8"/>
        <line num="261" type="stmt" count="0"/>
        <line num="262" type="stmt" count="8"/>
        <line num="263" type="stmt" count="8"/>
        <line num="264" type="stmt" count="0"/>
        <line num="266" type="stmt" count="8"/>
        <line num="267" type="stmt" count="0"/>
        <line num="268" type="stmt" count="0"/>
        <line num="270" type="stmt" count="8"/>
        <line num="271" type="stmt" count="0"/>
        <line num="282" type="method" name="getConstantType" visibility="protected" complexity="7" crap="11.98" count="8"/>
        <line num="283" type="stmt" count="0"/>
        <line num="284" type="stmt" count="8"/>
        <line num="285" type="stmt" count="0"/>
        <line num="286" type="stmt" count="0"/>
        <line num="288" type="stmt" count="8"/>
        <line num="289" type="stmt" count="1"/>
        <line num="290" type="stmt" count="0"/>
        <line num="292" type="stmt" count="7"/>
        <line num="293" type="stmt" count="1"/>
        <line num="294" type="stmt" count="0"/>
        <line num="295" type="stmt" count="6"/>
        <line num="296" type="stmt" count="4"/>
        <line num="297" type="stmt" count="0"/>
        <line num="299" type="stmt" count="4"/>
        <line num="300" type="stmt" count="0"/>
        <line num="311" type="method" name="handleStringParam" visibility="protected" complexity="9" crap="12.41" count="5"/>
        <line num="312" type="stmt" count="0"/>
        <line num="313" type="stmt" count="5"/>
        <line num="314" type="stmt" count="5"/>
        <line num="316" type="stmt" count="5"/>
        <line num="317" type="stmt" count="5"/>
        <line num="318" type="stmt" count="5"/>
        <line num="319" type="stmt" count="1"/>
        <line num="320" type="stmt" count="1"/>
        <line num="322" type="stmt" count="1"/>
        <line num="323" type="stmt" count="0"/>
        <line num="324" type="stmt" count="5"/>
        <line num="325" type="stmt" count="5"/>
        <line num="326" type="stmt" count="5"/>
        <line num="327" type="stmt" count="0"/>
        <line num="328" type="stmt" count="5"/>
        <line num="329" type="stmt" count="5"/>
        <line num="330" type="stmt" count="0"/>
        <line num="331" type="stmt" count="0"/>
        <line num="332" type="stmt" count="5"/>
        <line num="333" type="stmt" count="0"/>
        <line num="334" type="stmt" count="0"/>
        <line num="336" type="stmt" count="5"/>
        <line num="337" type="stmt" count="0"/>
        <line num="348" type="method" name="handleObject" visibility="protected" complexity="10" crap="12.97" count="3"/>
        <line num="349" type="stmt" count="0"/>
        <line num="350" type="stmt" count="3"/>
        <line num="351" type="stmt" count="3"/>
        <line num="352" type="stmt" count="3"/>
        <line num="353" type="stmt" count="3"/>
        <line num="354" type="stmt" count="3"/>
        <line num="355" type="stmt" count="3"/>
        <line num="356" type="stmt" count="0"/>
        <line num="357" type="stmt" count="3"/>
        <line num="358" type="stmt" count="3"/>
        <line num="359" type="stmt" count="3"/>
        <line num="360" type="stmt" count="3"/>
        <line num="361" type="stmt" count="3"/>
        <line num="362" type="stmt" count="3"/>
        <line num="363" type="stmt" count="3"/>
        <line num="364" type="stmt" count="3"/>
        <line num="365" type="stmt" count="3"/>
        <line num="366" type="stmt" count="3"/>
        <line num="367" type="stmt" count="3"/>
        <line num="368" type="stmt" count="0"/>
        <line num="369" type="stmt" count="0"/>
        <line num="370" type="stmt" count="3"/>
        <line num="371" type="stmt" count="3"/>
        <line num="372" type="stmt" count="0"/>
        <line num="373" type="stmt" count="3"/>
        <line num="374" type="stmt" count="3"/>
        <line num="375" type="stmt" count="0"/>
        <line num="376" type="stmt" count="0"/>
        <line num="377" type="stmt" count="0"/>
        <line num="378" type="stmt" count="0"/>
        <line num="380" type="stmt" count="3"/>
        <line num="381" type="stmt" count="3"/>
        <line num="382" type="stmt" count="3"/>
        <line num="383" type="stmt" count="3"/>
        <line num="384" type="stmt" count="0"/>
        <line num="385" type="stmt" count="3"/>
        <line num="386" type="stmt" count="0"/>
        <line num="387" type="stmt" count="3"/>
        <line num="388" type="stmt" count="0"/>
        <line num="390" type="stmt" count="3"/>
        <line num="392" type="stmt" count="3"/>
        <line num="393" type="stmt" count="0"/>
        <line num="400" type="method" name="tokenise" visibility="protected" complexity="1" crap="1.04" count="13"/>
        <line num="401" type="stmt" count="0"/>
        <line num="402" type="stmt" count="13"/>
        <line num="403" type="stmt" count="13"/>
        <line num="410" type="method" name="init" visibility="protected" complexity="1" crap="1.00" count="13"/>
        <line num="411" type="stmt" count="0"/>
        <line num="412" type="stmt" count="13"/>
        <line num="414" type="stmt" count="13"/>
        <line num="415" type="stmt" count="13"/>
        <line num="416" type="stmt" count="13"/>
        <line num="417" type="stmt" count="13"/>
        <line num="422" type="method" name="next" visibility="protected" complexity="2" crap="2.09" count="13"/>
        <line num="423" type="stmt" count="0"/>
        <line num="424" type="stmt" count="13"/>
        <line num="425" type="stmt" count="13"/>
        <line num="427" type="stmt" count="13"/>
        <line num="428" type="stmt" count="13"/>
        <line num="429" type="stmt" count="0"/>
        <line num="430" type="stmt" count="13"/>
        <line num="435" type="method" name="buffering" visibility="protected" complexity="1" crap="1.04" count="13"/>
        <line num="436" type="stmt" count="0"/>
        <line num="437" type="stmt" count="13"/>
        <line num="438" type="stmt" count="13"/>
        <line num="445" type="method" name="flush" visibility="protected" complexity="2" crap="2.26" count="13"/>
        <line num="446" type="stmt" count="0"/>
        <line num="447" type="stmt" count="13"/>
        <line num="448" type="stmt" count="13"/>
        <line num="450" type="stmt" count="13"/>
        <line num="451" type="stmt" count="0"/>
        <line num="458" type="method" name="skip" visibility="protected" complexity="3" crap="4.12" count="13"/>
        <line num="459" type="stmt" count="0"/>
        <line num="460" type="stmt" count="13"/>
        <line num="461" type="stmt" count="13"/>
        <line num="462" type="stmt" count="0"/>
        <line num="464" type="stmt" count="13"/>
        <line num="465" type="stmt" count="0"/>
        <line num="472" type="method" name="isA" visibility="protected" complexity="2" crap="2.50" count="13"/>
        <line num="473" type="stmt" count="0"/>
        <line num="474" type="stmt" count="13"/>
        <line num="475" type="stmt" count="13"/>
        <line num="476" type="stmt" count="0"/>
        <line num="478" type="stmt" count="13"/>
        <line num="479" type="stmt" count="0"/>
        <line num="486" type="method" name="tokenValue" visibility="protected" complexity="2" crap="3.19" count="13"/>
        <line num="487" type="stmt" count="0"/>
        <line num="488" type="stmt" count="13"/>
        <line num="489" type="stmt" count="0"/>
        <metrics loc="490" ncloc="353" classes="1" methods="16" coveredmethods="0" conditionals="0" coveredconditionals="0" statements="246" coveredstatements="155" elements="262" coveredelements="155"/>
      </file>
      <file name="/var/www/html/Lexer/src/Analyser/TokenAnalyser.php">
        <class name="Aplorm\Lexer\Analyser\TokenAnalyser" namespace="Aplorm\Lexer\Analyser">
          <metrics complexity="38" methods="9" coveredmethods="9" conditionals="0" coveredconditionals="0" statements="119" coveredstatements="119" elements="128" coveredelements="128"/>
        </class>
        <line num="112" type="method" name="analyse" visibility="public" complexity="7" crap="7" count="39"/>
        <line num="114" type="stmt" count="39"/>
        <line num="116" type="stmt" count="39"/>
        <line num="117" type="stmt" count="39"/>
        <line num="118" type="stmt" count="39"/>
        <line num="119" type="stmt" count="13"/>
        <line num="120" type="stmt" count="39"/>
        <line num="121" type="stmt" count="7"/>
        <line num="122" type="stmt" count="39"/>
        <line num="123" type="stmt" count="39"/>
        <line num="124" type="stmt" count="39"/>
        <line num="126" type="stmt" count="13"/>
        <line num="127" type="stmt" count="39"/>
        <line num="128" type="stmt" count="2"/>
        <line num="129" type="stmt" count="39"/>
        <line num="130" type="stmt" count="1"/>
        <line num="132" type="stmt" count="39"/>
        <line num="135" type="stmt" count="39"/>
        <line num="138" type="stmt" count="39"/>
        <line num="140" type="stmt" count="39"/>
        <line num="146" type="method" name="handleClassName" visibility="protected" complexity="5" crap="5" count="13"/>
        <line num="148" type="stmt" count="13"/>
        <line num="149" type="stmt" count="13"/>
        <line num="150" type="stmt" count="1"/>
        <line num="152" type="stmt" count="13"/>
        <line num="153" type="stmt" count="13"/>
        <line num="156" type="stmt" count="13"/>
        <line num="157" type="stmt" count="13"/>
        <line num="159" type="stmt" count="13"/>
        <line num="160" type="stmt" count="13"/>
        <line num="161" type="stmt" count="13"/>
        <line num="162" type="stmt" count="13"/>
        <line num="163" type="stmt" count="1"/>
        <line num="164" type="stmt" count="1"/>
        <line num="166" type="stmt" count="1"/>
        <line num="170" type="stmt" count="13"/>
        <line num="171" type="stmt" count="13"/>
        <line num="174" type="stmt" count="13"/>
        <line num="175" type="stmt" count="13"/>
        <line num="176" type="stmt" count="13"/>
        <line num="177" type="stmt" count="13"/>
        <line num="178" type="stmt" count="13"/>
        <line num="179" type="stmt" count="13"/>
        <line num="182" type="stmt" count="13"/>
        <line num="183" type="stmt" count="13"/>
        <line num="184" type="stmt" count="13"/>
        <line num="185" type="stmt" count="13"/>
        <line num="192" type="method" name="handleDocComment" visibility="protected" complexity="1" crap="1" count="2"/>
        <line num="194" type="stmt" count="2"/>
        <line num="195" type="stmt" count="2"/>
        <line num="196" type="stmt" count="2"/>
        <line num="203" type="method" name="handleNamespace" visibility="protected" complexity="10" crap="10" count="13"/>
        <line num="205" type="stmt" count="13"/>
        <line num="206" type="stmt" count="13"/>
        <line num="207" type="stmt" count="13"/>
        <line num="209" type="stmt" count="13"/>
        <line num="210" type="stmt" count="13"/>
        <line num="212" type="stmt" count="13"/>
        <line num="214" type="stmt" count="13"/>
        <line num="215" type="stmt" count="1"/>
        <line num="216" type="stmt" count="13"/>
        <line num="217" type="stmt" count="2"/>
        <line num="218" type="stmt" count="1"/>
        <line num="220" type="stmt" count="2"/>
        <line num="222" type="stmt" count="13"/>
        <line num="223" type="stmt" count="13"/>
        <line num="224" type="stmt" count="13"/>
        <line num="226" type="stmt" count="1"/>
        <line num="227" type="stmt" count="1"/>
        <line num="228" type="stmt" count="1"/>
        <line num="229" type="stmt" count="1"/>
        <line num="232" type="stmt" count="13"/>
        <line num="235" type="stmt" count="13"/>
        <line num="237" type="stmt" count="13"/>
        <line num="238" type="stmt" count="13"/>
        <line num="240" type="stmt" count="13"/>
        <line num="242" type="stmt" count="2"/>
        <line num="243" type="stmt" count="2"/>
        <line num="244" type="stmt" count="1"/>
        <line num="247" type="stmt" count="1"/>
        <line num="248" type="stmt" count="1"/>
        <line num="249" type="stmt" count="1"/>
        <line num="251" type="stmt" count="2"/>
        <line num="253" type="method" name="handleElement" visibility="protected" complexity="2" crap="2" count="39"/>
        <line num="256" type="stmt" count="39"/>
        <line num="257" type="stmt" count="39"/>
        <line num="258" type="stmt" count="39"/>
        <line num="259" type="stmt" count="39"/>
        <line num="260" type="stmt" count="39"/>
        <line num="261" type="stmt" count="16"/>
        <line num="264" type="stmt" count="31"/>
        <line num="265" type="stmt" count="31"/>
        <line num="274" type="method" name="addNamespaceToPart" visibility="protected" complexity="7" crap="7" count="13"/>
        <line num="276" type="stmt" count="13"/>
        <line num="277" type="stmt" count="13"/>
        <line num="278" type="stmt" count="13"/>
        <line num="279" type="stmt" count="1"/>
        <line num="281" type="stmt" count="13"/>
        <line num="284" type="stmt" count="2"/>
        <line num="287" type="stmt" count="13"/>
        <line num="288" type="stmt" count="1"/>
        <line num="291" type="stmt" count="13"/>
        <line num="292" type="stmt" count="13"/>
        <line num="294" type="stmt" count="6"/>
        <line num="295" type="stmt" count="6"/>
        <line num="297" type="stmt" count="13"/>
        <line num="306" type="method" name="addDataToPart" visibility="protected" complexity="3" crap="3" count="38"/>
        <line num="308" type="stmt" count="38"/>
        <line num="309" type="stmt" count="13"/>
        <line num="311" type="stmt" count="13"/>
        <line num="314" type="stmt" count="35"/>
        <line num="315" type="stmt" count="35"/>
        <line num="350" type="method" name="reset" visibility="protected" complexity="1" crap="1" count="39"/>
        <line num="352" type="stmt" count="39"/>
        <line num="353" type="stmt" count="39"/>
        <line num="354" type="stmt" count="39"/>
        <line num="355" type="stmt" count="39"/>
        <line num="356" type="stmt" count="39"/>
        <line num="357" type="stmt" count="39"/>
        <line num="358" type="stmt" count="39"/>
        <line num="359" type="stmt" count="39"/>
        <line num="360" type="stmt" count="39"/>
        <line num="361" type="stmt" count="39"/>
        <line num="362" type="stmt" count="39"/>
        <line num="363" type="stmt" count="39"/>
        <line num="364" type="stmt" count="39"/>
        <line num="373" type="method" name="getSpecificPart" visibility="protected" complexity="1" crap="1" count="13"/>
        <line num="375" type="stmt" count="13"/>
        <metrics loc="377" ncloc="269" classes="1" methods="9" coveredmethods="9" conditionals="0" coveredconditionals="0" statements="119" coveredstatements="119" elements="128" coveredelements="128"/>
      </file>
    </package>
    <file name="/var/www/html/Lexer/src/Analyser/DocBlockTokenInterface.php">
      <metrics loc="37" ncloc="26" classes="0" methods="0" coveredmethods="0" conditionals="0" coveredconditionals="0" statements="0" coveredstatements="0" elements="0" coveredelements="0"/>
    </file>
    <file name="/var/www/html/Lexer/src/Analyser/TokenNameInterface.php">
      <metrics loc="107" ncloc="99" classes="0" methods="0" coveredmethods="0" conditionals="0" coveredconditionals="0" statements="0" coveredstatements="0" elements="0" coveredelements="0"/>
    </file>
    <package name="Aplorm\Lexer\Analyser\Traits">
      <file name="/var/www/html/Lexer/src/Analyser/Traits/CommonAnalyserTraits.php">
        <class name="CommonAnalyserTraits" namespace="Aplorm\Lexer\Analyser\Traits">
          <metrics complexity="24" methods="11" coveredmethods="11" conditionals="0" coveredconditionals="0" statements="41" coveredstatements="41" elements="52" coveredelements="52"/>
        </class>
        <line num="22" type="method" name="buffering" visibility="protected" complexity="1" crap="1" count="38"/>
        <line num="24" type="stmt" count="38"/>
        <line num="25" type="stmt" count="38"/>
        <line num="32" type="method" name="flush" visibility="protected" complexity="1" crap="1" count="38"/>
        <line num="34" type="stmt" count="38"/>
        <line num="35" type="stmt" count="38"/>
        <line num="37" type="stmt" count="38"/>
        <line num="40" type="method" name="cleanStringValue" visibility="protected" complexity="2" crap="2" count="9"/>
        <line num="42" type="stmt" count="9"/>
        <line num="43" type="stmt" count="7"/>
        <line num="46" type="stmt" count="4"/>
        <line num="54" type="method" name="skip" visibility="protected" complexity="3" crap="3" count="39"/>
        <line num="56" type="stmt" count="39"/>
        <line num="57" type="stmt" count="39"/>
        <line num="59" type="stmt" count="39"/>
        <line num="60" type="stmt" count="39"/>
        <line num="61" type="stmt" count="39"/>
        <line num="64" type="stmt" count="39"/>
        <line num="65" type="stmt" count="39"/>
        <line num="68" type="stmt" count="39"/>
        <line num="78" type="method" name="skipUntil" visibility="protected" complexity="3" crap="3" count="1"/>
        <line num="80" type="stmt" count="1"/>
        <line num="81" type="stmt" count="1"/>
        <line num="82" type="stmt" count="1"/>
        <line num="83" type="stmt" count="1"/>
        <line num="86" type="stmt" count="1"/>
        <line num="92" type="method" name="next" visibility="protected" complexity="1" crap="1" count="39"/>
        <line num="94" type="stmt" count="39"/>
        <line num="95" type="stmt" count="39"/>
        <line num="96" type="stmt" count="39"/>
        <line num="101" type="method" name="readToken" visibility="protected" complexity="4" crap="4" count="39"/>
        <line num="103" type="stmt" count="39"/>
        <line num="104" type="stmt" count="39"/>
        <line num="107" type="stmt" count="39"/>
        <line num="108" type="stmt" count="39"/>
        <line num="109" type="stmt" count="39"/>
        <line num="110" type="stmt" count="39"/>
        <line num="111" type="stmt" count="39"/>
        <line num="114" type="stmt" count="39"/>
        <line num="116" type="stmt" count="39"/>
        <line num="117" type="stmt" count="39"/>
        <line num="119" type="stmt" count="39"/>
        <line num="124" type="method" name="tokenValue" visibility="protected" complexity="2" crap="2" count="39"/>
        <line num="126" type="stmt" count="39"/>
        <line num="132" type="method" name="previousTokenValue" visibility="protected" complexity="1" crap="1" count="13"/>
        <line num="134" type="stmt" count="13"/>
        <line num="144" type="method" name="getCustomToken" visibility="protected" complexity="2" crap="2" count="39"/>
        <line num="146" type="stmt" count="39"/>
        <line num="154" type="method" name="isA" visibility="protected" complexity="2" crap="2" count="39"/>
        <line num="156" type="stmt" count="39"/>
        <line num="157" type="stmt" count="39"/>
        <line num="160" type="stmt" count="39"/>
        <metrics loc="174" ncloc="119" classes="1" methods="11" coveredmethods="11" conditionals="0" coveredconditionals="0" statements="41" coveredstatements="41" elements="52" coveredelements="52"/>
      </file>
    </package>
    <metrics files="6" loc="1675" ncloc="1245" classes="4" methods="49" coveredmethods="33" conditionals="0" coveredconditionals="0" statements="610" coveredstatements="519" elements="659" coveredelements="552"/>
  </project>
</coverage>
